<?xml version="1.0" encoding="UTF-8"?>
<testsuite name="RandomUserTests" tests="2" skipped="0" failures="0" errors="0" timestamp="2024-01-12T10:07:28" hostname="Icxels-MacBook-Pro.local" time="1.382">
  <properties/>
  <testcase name="it should generate random user data for a US citizen over 50 years old" classname="RandomUserTests" time="1.098"/>
  <testcase name="it should generate number of random users specified in results param" classname="RandomUserTests" time="0.284"/>
  <system-out><![CDATA[[
 {
  "nat": "MX",
  "gender": "female",
  "phone": "(642) 768 3986",
  "dob": {
   "date": "1986-06-18T17:24:25.835Z",
   "age": 37
  },
  "name": {
   "last": "Caballero",
   "title": "Mrs",
   "first": "Ana"
  },
  "registered": {
   "date": "2010-12-29T12:39:42.379Z",
   "age": 13
  },
  "location": {
   "country": "Mexico",
   "city": "Tepecoacuilco de Trujano",
   "street": {
    "number": 2306,
    "name": "Prolongación Sur Jimínez"
   },
   "timezone": {
    "offset": "+3:30",
    "description": "Tehran"
   },
   "postcode": 68926,
   "coordinates": {
    "latitude": "61.3486",
    "longitude": "-82.6997"
   },
   "state": "Tlaxcala"
  },
  "id": {
   "name": "NSS",
   "value": "51 48 61 4886 1"
  },
  "login": {
   "sha1": "8f13ff5016196ffc80f573fac16fb521d14b3b1a",
   "password": "pegasus",
   "salt": "H4gDXPAR",
   "sha256": "9a91d2b1beba9515a03665a6e79656d7b6863c6d6763254451222786dc75264a",
   "uuid": "047fafca-f535-4253-953f-c1a434a248b3",
   "username": "organicgorilla671",
   "md5": "132e4e2ead6cdc373fb25d80ca2ea143"
  },
  "cell": "(642) 923 8133",
  "email": "ana.caballero@example.com",
  "picture": {
   "thumbnail": "https://randomuser.me/api/portraits/thumb/women/83.jpg",
   "large": "https://randomuser.me/api/portraits/women/83.jpg",
   "medium": "https://randomuser.me/api/portraits/med/women/83.jpg"
  }
 },
 {
  "nat": "DK",
  "gender": "male",
  "phone": "49654241",
  "dob": {
   "date": "1986-01-30T12:17:38.089Z",
   "age": 37
  },
  "name": {
   "last": "Nielsen",
   "title": "Mr",
   "first": "Elias"
  },
  "registered": {
   "date": "2002-04-24T06:40:55.438Z",
   "age": 21
  },
  "location": {
   "country": "Denmark",
   "city": "Sandved",
   "street": {
    "number": 2561,
    "name": "Marievej"
   },
   "timezone": {
    "offset": "-8:00",
    "description": "Pacific Time (US & Canada)"
   },
   "postcode": 65456,
   "coordinates": {
    "latitude": "66.9315",
    "longitude": "9.5054"
   },
   "state": "Hovedstaden"
  },
  "id": {
   "name": "CPR",
   "value": "300186-6358"
  },
  "login": {
   "sha1": "189f46b16a0564e649bef1954170427fa48d7318",
   "password": "solution",
   "salt": "iMfXDkJX",
   "sha256": "94f021655e3bd1144cc71899522167bf99cad324af87d7cdc9a718db23e75972",
   "uuid": "88365c54-3b7c-4814-a429-a9a8059e5355",
   "username": "silverleopard227",
   "md5": "2763a13805e0e7c7fb2fabf494ee0e1d"
  },
  "cell": "42314931",
  "email": "elias.nielsen@example.com",
  "picture": {
   "thumbnail": "https://randomuser.me/api/portraits/thumb/men/70.jpg",
   "large": "https://randomuser.me/api/portraits/men/70.jpg",
   "medium": "https://randomuser.me/api/portraits/med/men/70.jpg"
  }
 },
 {
  "nat": "RS",
  "gender": "male",
  "phone": "020-8202-496",
  "dob": {
   "date": "1969-12-15T16:23:28.366Z",
   "age": 54
  },
  "name": {
   "last": "Nenadović",
   "title": "Mr",
   "first": "Grigorije"
  },
  "registered": {
   "date": "2004-05-09T11:04:53.594Z",
   "age": 19
  },
  "location": {
   "country": "Serbia",
   "city": "Žabalj",
   "street": {
    "number": 2891,
    "name": "Ariljačka"
   },
   "timezone": {
    "offset": "+4:30",
    "description": "Kabul"
   },
   "postcode": 96388,
   "coordinates": {
    "latitude": "75.6917",
    "longitude": "151.3051"
   },
   "state": "West Bačka"
  },
  "id": {
   "name": "SID",
   "value": "320329706"
  },
  "login": {
   "sha1": "39ea1aa886099a67e089523a77a1e20b422026df",
   "password": "getoff",
   "salt": "bGRb5lLa",
   "sha256": "b1b42371dea26aa2a0c7ddd85dd0bb0f6c9d868a20f381633205f073af9bd357",
   "uuid": "31e6afaf-a4d1-441f-aeb3-80a7de6499c8",
   "username": "redmeercat291",
   "md5": "9c979439682343d8e141115dc84d786c"
  },
  "cell": "069-8693-231",
  "email": "grigorije.nenadovic@example.com",
  "picture": {
   "thumbnail": "https://randomuser.me/api/portraits/thumb/men/7.jpg",
   "large": "https://randomuser.me/api/portraits/men/7.jpg",
   "medium": "https://randomuser.me/api/portraits/med/men/7.jpg"
  }
 },
 {
  "nat": "BR",
  "gender": "female",
  "phone": "(55) 7585-5513",
  "dob": {
   "date": "1997-02-11T02:46:53.717Z",
   "age": 26
  },
  "name": {
   "last": "Moura",
   "title": "Ms",
   "first": "Haydée"
  },
  "registered": {
   "date": "2010-09-23T11:53:58.733Z",
   "age": 13
  },
  "location": {
   "country": "Brazil",
   "city": "Contagem",
   "street": {
    "number": 9749,
    "name": "Rua Santa Rita "
   },
   "timezone": {
    "offset": "+5:00",
    "description": "Ekaterinburg, Islamabad, Karachi, Tashkent"
   },
   "postcode": 19881,
   "coordinates": {
    "latitude": "-35.3986",
    "longitude": "-141.3184"
   },
   "state": "Santa Catarina"
  },
  "id": {
   "name": "CPF",
   "value": "392.156.565-03"
  },
  "login": {
   "sha1": "8e287fa0d929c524294ef7584b1e9b7f1cfe6665",
   "password": "1959",
   "salt": "qd7j4RmF",
   "sha256": "03af6c550ec9c6107241a86db6cab44cf7d4f2ebeb9413ae48ed41e5be3fbff9",
   "uuid": "3b0ad9f3-5c3b-4483-9c88-deca337f990b",
   "username": "redkoala852",
   "md5": "029c7492fc58663bebb0ca55f39d78d9"
  },
  "cell": "(37) 3227-4751",
  "email": "haydee.moura@example.com",
  "picture": {
   "thumbnail": "https://randomuser.me/api/portraits/thumb/women/24.jpg",
   "large": "https://randomuser.me/api/portraits/women/24.jpg",
   "medium": "https://randomuser.me/api/portraits/med/women/24.jpg"
  }
 },
 {
  "nat": "TR",
  "gender": "male",
  "phone": "(041)-681-1903",
  "dob": {
   "date": "1973-05-11T16:56:33.733Z",
   "age": 50
  },
  "name": {
   "last": "Egeli",
   "title": "Mr",
   "first": "Kenan"
  },
  "registered": {
   "date": "2015-02-19T02:46:02.482Z",
   "age": 8
  },
  "location": {
   "country": "Turkey",
   "city": "Tekirdağ",
   "street": {
    "number": 1670,
    "name": "Abanoz Sk"
   },
   "timezone": {
    "offset": "+9:30",
    "description": "Adelaide, Darwin"
   },
   "postcode": 49648,
   "coordinates": {
    "latitude": "4.5478",
    "longitude": "16.8940"
   },
   "state": "Rize"
  },
  "id": {
   "name": "",
   "value": null
  },
  "login": {
   "sha1": "96c1cb127283410dae48b805407d375956cd2e68",
   "password": "llllllll",
   "salt": "fr4LXiAf",
   "sha256": "9c12749ab5ed1ae0a2342e34be3520b5fb0f73561c5393a213ed8df1ce6fc8af",
   "uuid": "019e9d90-cfd0-4e4f-a2fe-bcce485e26ba",
   "username": "goldenzebra358",
   "md5": "afd511545b8d744b9af4cb5fd290c4d3"
  },
  "cell": "(030)-381-1312",
  "email": "kenan.egeli@example.com",
  "picture": {
   "thumbnail": "https://randomuser.me/api/portraits/thumb/men/7.jpg",
   "large": "https://randomuser.me/api/portraits/men/7.jpg",
   "medium": "https://randomuser.me/api/portraits/med/men/7.jpg"
  }
 },
 {
  "nat": "NL",
  "gender": "male",
  "phone": "(095) 6073463",
  "dob": {
   "date": "1958-03-23T22:45:23.598Z",
   "age": 65
  },
  "name": {
   "last": "Van Luijn",
   "title": "Mr",
   "first": "Nurettin"
  },
  "registered": {
   "date": "2006-09-15T06:26:32.252Z",
   "age": 17
  },
  "location": {
   "country": "Netherlands",
   "city": "Harskamp",
   "street": {
    "number": 9432,
    "name": "Burgemeester Dijkhuisstraat"
   },
   "timezone": {
    "offset": "+3:30",
    "description": "Tehran"
   },
   "postcode": "6629 XF",
   "coordinates": {
    "latitude": "-10.7030",
    "longitude": "-150.5992"
   },
   "state": "Utrecht"
  },
  "id": {
   "name": "BSN",
   "value": "04304385"
  },
  "login": {
   "sha1": "11e07c396cde6307afadbf8a25f230e3eed57977",
   "password": "surfer",
   "salt": "UqHptXFG",
   "sha256": "b4339dc26019f549e94b41987f72587d6698d1455c3ffb669ed21f87735cdb87",
   "uuid": "4e9c2618-5f48-4a11-b29e-21f150404d21",
   "username": "tinyrabbit713",
   "md5": "ca117e86ba98bde35fdce0dd0424ebb4"
  },
  "cell": "(06) 52508251",
  "email": "nurettin.vanluijn@example.com",
  "picture": {
   "thumbnail": "https://randomuser.me/api/portraits/thumb/men/44.jpg",
   "large": "https://randomuser.me/api/portraits/men/44.jpg",
   "medium": "https://randomuser.me/api/portraits/med/men/44.jpg"
  }
 },
 {
  "nat": "BR",
  "gender": "female",
  "phone": "(16) 4337-7550",
  "dob": {
   "date": "1965-07-23T23:08:55.209Z",
   "age": 58
  },
  "name": {
   "last": "da Mota",
   "title": "Mrs",
   "first": "Rina"
  },
  "registered": {
   "date": "2019-08-26T05:11:05.421Z",
   "age": 4
  },
  "location": {
   "country": "Brazil",
   "city": "Birigüi",
   "street": {
    "number": 3572,
    "name": "Rua Dois"
   },
   "timezone": {
    "offset": "+5:45",
    "description": "Kathmandu"
   },
   "postcode": 10919,
   "coordinates": {
    "latitude": "-72.9224",
    "longitude": "137.3841"
   },
   "state": "São Paulo"
  },
  "id": {
   "name": "CPF",
   "value": "092.961.987-77"
  },
  "login": {
   "sha1": "0b3bdd60898016ca2794ee56347389640086f237",
   "password": "addict",
   "salt": "crC4sniW",
   "sha256": "464117376e62ebdc60f287a363e4c8ef6bcaa5f976892f144cbc7f6cfd460911",
   "uuid": "c47c542f-0047-4e43-ac15-bc5d52a754bb",
   "username": "goldenpanda805",
   "md5": "7bbc65b07a4ba10f271081e8256f260d"
  },
  "cell": "(06) 9585-0798",
  "email": "rina.damota@example.com",
  "picture": {
   "thumbnail": "https://randomuser.me/api/portraits/thumb/women/30.jpg",
   "large": "https://randomuser.me/api/portraits/women/30.jpg",
   "medium": "https://randomuser.me/api/portraits/med/women/30.jpg"
  }
 },
 {
  "nat": "NL",
  "gender": "male",
  "phone": "(0820) 317236",
  "dob": {
   "date": "1971-06-20T22:50:25.279Z",
   "age": 52
  },
  "name": {
   "last": "Koppert",
   "title": "Mr",
   "first": "Santino"
  },
  "registered": {
   "date": "2004-11-04T10:04:16.203Z",
   "age": 19
  },
  "location": {
   "country": "Netherlands",
   "city": "Bingelrade",
   "street": {
    "number": 8384,
    "name": "Korte Kar"
   },
   "timezone": {
    "offset": "-7:00",
    "description": "Mountain Time (US & Canada)"
   },
   "postcode": "3014 HX",
   "coordinates": {
    "latitude": "-84.2136",
    "longitude": "120.4380"
   },
   "state": "Utrecht"
  },
  "id": {
   "name": "BSN",
   "value": "76957994"
  },
  "login": {
   "sha1": "d7d8812f3de15b9107c3e4f194b10afa5fb71e65",
   "password": "3006",
   "salt": "HYaSLihv",
   "sha256": "9db5412795a5fb540e15681f646471212039de3169570ce45e84785c72136948",
   "uuid": "db5ed157-a40f-4ff0-8b0e-2906b9371180",
   "username": "crazypeacock800",
   "md5": "323e422f35eb5400661485dd8281e8a1"
  },
  "cell": "(06) 86290583",
  "email": "santino.koppert@example.com",
  "picture": {
   "thumbnail": "https://randomuser.me/api/portraits/thumb/men/94.jpg",
   "large": "https://randomuser.me/api/portraits/men/94.jpg",
   "medium": "https://randomuser.me/api/portraits/med/men/94.jpg"
  }
 },
 {
  "nat": "BR",
  "gender": "female",
  "phone": "(25) 7672-7931",
  "dob": {
   "date": "1963-07-28T22:57:49.864Z",
   "age": 60
  },
  "name": {
   "last": "Melo",
   "title": "Mrs",
   "first": "Zenóbia"
  },
  "registered": {
   "date": "2020-05-04T04:34:55.749Z",
   "age": 3
  },
  "location": {
   "country": "Brazil",
   "city": "Teresópolis",
   "street": {
    "number": 6894,
    "name": "Rua Principal"
   },
   "timezone": {
    "offset": "-2:00",
    "description": "Mid-Atlantic"
   },
   "postcode": 17850,
   "coordinates": {
    "latitude": "48.8455",
    "longitude": "147.5043"
   },
   "state": "Pernambuco"
  },
  "id": {
   "name": "CPF",
   "value": "049.099.570-34"
  },
  "login": {
   "sha1": "1ed9f55e05745033458b15960bec8cb35cd86021",
   "password": "alexis",
   "salt": "q1rAFAw7",
   "sha256": "58b8bb5338747505905c25d26b5446bc536b498d5d56e6d1b8fdeb6238234d57",
   "uuid": "aac08c33-ebbf-4bd5-9ef4-f80f1493614b",
   "username": "blacksnake114",
   "md5": "8fe96c028d7d88a4b6732ed7764df28e"
  },
  "cell": "(63) 0043-5946",
  "email": "zenobia.melo@example.com",
  "picture": {
   "thumbnail": "https://randomuser.me/api/portraits/thumb/women/15.jpg",
   "large": "https://randomuser.me/api/portraits/women/15.jpg",
   "medium": "https://randomuser.me/api/portraits/med/women/15.jpg"
  }
 },
 {
  "nat": "IR",
  "gender": "female",
  "phone": "029-50902614",
  "dob": {
   "date": "1993-10-09T02:53:35.620Z",
   "age": 30
  },
  "name": {
   "last": "رضاییان",
   "title": "Mrs",
   "first": "درسا"
  },
  "registered": {
   "date": "2020-06-02T12:29:03.884Z",
   "age": 3
  },
  "location": {
   "country": "Iran",
   "city": "قرچک",
   "street": {
    "number": 7713,
    "name": "پارک دانشجو"
   },
   "timezone": {
    "offset": "-2:00",
    "description": "Mid-Atlantic"
   },
   "postcode": 81722,
   "coordinates": {
    "latitude": "-35.6520",
    "longitude": "-12.6755"
   },
   "state": "مازندران"
  },
  "id": {
   "name": "",
   "value": null
  },
  "login": {
   "sha1": "d6cfd679cf34a8af7939eaea50455faafd71896d",
   "password": "warlord",
   "salt": "bFVol6QS",
   "sha256": "3a4c038cc791cfc0328c5635a9a781bd5bf02f4dc67ed144e7988f9f02a5a4e9",
   "uuid": "94476b69-dc47-4839-8d48-2076065e8aa3",
   "username": "silverswan427",
   "md5": "2e761d7af74c24c9b6cd18508e30983a"
  },
  "cell": "0912-608-8738",
  "email": "drs.rdyyn@example.com",
  "picture": {
   "thumbnail": "https://randomuser.me/api/portraits/thumb/women/92.jpg",
   "large": "https://randomuser.me/api/portraits/women/92.jpg",
   "medium": "https://randomuser.me/api/portraits/med/women/92.jpg"
  }
 }
]]]></system-out>
  <system-err><![CDATA[]]></system-err>
</testsuite>
